build/app/intermediates/manifest_merge_blame_file/debug/manifest-merger-blame-debug-report.txt
1<?xml version="1.0" encoding="utf-8"?>
2<manifest xmlns:android="http://schemas.android.com/apk/res/android"
3    package="co.appbrewery.bmicalculator"
4    android:versionCode="1"
5    android:versionName="1.0.0" >
6
7    <uses-sdk
8        android:minSdkVersion="16"
8-->src\main\AndroidManifest.xml
9        android:targetSdkVersion="29" />
9-->src\main\AndroidManifest.xml
10
11    <!--
12         The INTERNET permission is required for development. Specifically,
13         flutter needs it to communicate with the running application
14         to allow setting breakpoints, to provide hot reload, etc.
15    -->
16    <uses-permission android:name="android.permission.INTERNET" />
16-->src\main\AndroidManifest.xml:8:5-66
16-->src\main\AndroidManifest.xml:8:22-64
17
18    <meta-data
18-->src\main\AndroidManifest.xml:39:5-41:29
19        android:name="flutterEmbedding"
19-->src\main\AndroidManifest.xml:40:9-40
20        android:value="2" />
20-->src\main\AndroidManifest.xml:41:9-26
21    <!--
22     io.flutter.app.FlutterApplication is an android.app.Application that
23         calls FlutterMain.startInitialization(this); in its onCreate method.
24         In most cases you can leave this as-is, but you if you want to provide
25         additional functionality it is fine to subclass or reimplement
26         FlutterApplication and put your custom class here.
27    -->
28    <application
28-->src\main\AndroidManifest.xml:15:5-38:19
29        android:appComponentFactory="androidx.core.app.CoreComponentFactory"
29-->[androidx.core:core:1.6.0] AndroidManifest.xml:24:18-86
30        android:debuggable="true"
31        android:icon="@mipmap/ic_launcher"
31-->src\main\AndroidManifest.xml:18:9-43
32        android:label="bmi_calculator" >
32-->src\main\AndroidManifest.xml:17:9-39
33        <activity
33-->src\main\AndroidManifest.xml:19:9-37:20
34            android:name="co.appbrewery.bmicalculator.MainActivity"
34-->src\main\AndroidManifest.xml:20:13-41
35            android:configChanges="orientation|keyboardHidden|keyboard|screenSize|locale|layoutDirection|fontScale|screenLayout|density"
35-->src\main\AndroidManifest.xml:23:13-137
36            android:hardwareAccelerated="true"
36-->src\main\AndroidManifest.xml:24:13-47
37            android:launchMode="singleTop"
37-->src\main\AndroidManifest.xml:21:13-43
38            android:theme="@style/LaunchTheme"
38-->src\main\AndroidManifest.xml:22:13-47
39            android:windowSoftInputMode="adjustResize" >
39-->src\main\AndroidManifest.xml:25:13-55
40
41            <!--
42                 This keeps the window background of the activity showing
43                 until Flutter renders its first frame. It can be removed if
44                 there is no splash screen (such as the default splash screen
45                 defined in @style/LaunchTheme).
46            -->
47            <meta-data
47-->src\main\AndroidManifest.xml:30:13-32:66
48                android:name="io.flutter.embedding.android.SplashScreenDrawable"
48-->src\main\AndroidManifest.xml:31:17-81
49                android:resource="@drawable/launch_background" />
49-->src\main\AndroidManifest.xml:32:17-63
50
51            <intent-filter>
51-->src\main\AndroidManifest.xml:33:13-36:29
52                <action android:name="android.intent.action.MAIN" />
52-->src\main\AndroidManifest.xml:34:17-68
52-->src\main\AndroidManifest.xml:34:25-66
53
54                <category android:name="android.intent.category.LAUNCHER" />
54-->src\main\AndroidManifest.xml:35:17-76
54-->src\main\AndroidManifest.xml:35:27-74
55            </intent-filter>
56        </activity>
57
58        <uses-library
58-->[androidx.window:window:1.0.0-beta04] AndroidManifest.xml:25:9-27:40
59            android:name="androidx.window.extensions"
59-->[androidx.window:window:1.0.0-beta04] AndroidManifest.xml:26:13-54
60            android:required="false" />
60-->[androidx.window:window:1.0.0-beta04] AndroidManifest.xml:27:13-37
61        <uses-library
61-->[androidx.window:window:1.0.0-beta04] AndroidManifest.xml:28:9-30:40
62            android:name="androidx.window.sidecar"
62-->[androidx.window:window:1.0.0-beta04] AndroidManifest.xml:29:13-51
63            android:required="false" />
63-->[androidx.window:window:1.0.0-beta04] AndroidManifest.xml:30:13-37
64    </application>
65
66</manifest>